make -k all 
libgen -hw ../Mango_802.11_RefDes_v1.7.1_hw_platform/system.xml\
	       -lp C:/Users/SOYO/Mango_802.11_RefDes_v1.7.1/EDK_Projects/Mango_802.11_RefDes_v1.7.1 -lp C:/WARP_Repository/edk_user_repository\
	       -pe mb_low \
	       -log libgen.log \
	       system.mss
libgen
Xilinx EDK 14.4 Build EDK_P.49d
Copyright (c) 1995-2012 Xilinx, Inc.  All rights reserved.

Command Line: libgen -hw ../Mango_802.11_RefDes_v1.7.1_hw_platform/system.xml
-lp
C:/Users/SOYO/Mango_802.11_RefDes_v1.7.1/EDK_Projects/Mango_802.11_RefDes_v1.7.1
-lp C:/WARP_Repository/edk_user_repository -pe mb_low -log libgen.log system.mss
 


Staging source files.
Running DRCs.
Running generate.
Generating Macros for wlan_agc_axiw driver access ... 

Generating Macros for wlan_mac_hw_axiw driver access ... 

Generating Macros for wlan_mac_time_hw_axiw driver access ... 

Generating Macros for wlan_phy_rx_pmd_axiw driver access ... 

Generating Macros for wlan_phy_tx_pmd_axiw driver access ... 

Running post_generate.
Running include - 'make -s include "COMPILER=mb-gcc" "ARCHIVER=mb-ar"
"COMPILER_FLAGS=-mlittle-endian -mno-xl-soft-mul -mxl-barrel-shift
-mxl-pattern-compare -mno-xl-soft-div -mcpu=v8.40.b  -O2 -c"
"EXTRA_COMPILER_FLAGS=-g"'.

Running libs - 'make -s libs "COMPILER=mb-gcc" "ARCHIVER=mb-ar"
"COMPILER_FLAGS=-mlittle-endian -mno-xl-soft-mul -mxl-barrel-shift
-mxl-pattern-compare -mno-xl-soft-div -mcpu=v8.40.b  -O2 -c"
"EXTRA_COMPILER_FLAGS=-g"'.
"Compiling common"
"Compiling standalone";
"Compiling sysmon"
"Compiling bram"
"Compiling uartlite"
"Compiling mbox"
"Compiling mutex"
"Compiling radio_controller"
"Compiling w3_ad_controller"
"Compiling warp_clock_controller"
"Compiling w3_iic_eeprom"
"Compiling w3_userio_axi"
"Compiling wlan_agc_axiw"
"Compiling wlan_mac_hw_axiw"
"Compiling wlan_mac_time_hw_axiw"
"Compiling wlan_phy_rx_pmd_axiw"
"Compiling wlan_phy_tx_pmd_axiw"
"Compiling cpu"
Running execs_generate.
'Finished building libraries'
