make -k all 
libgen -hw ../Mango_802.11_RefDes_v1.7.1_hw_platform/system.xml\
	       -lp C:/Users/SOYO/Mango_802.11_RefDes_v1.7.1/EDK_Projects/Mango_802.11_RefDes_v1.7.1 -lp C:/WARP_Repository/edk_user_repository\
	       -pe mb_high \
	       -log libgen.log \
	       system.mss
libgen
Xilinx EDK 14.4 Build EDK_P.49d
Copyright (c) 1995-2012 Xilinx, Inc.  All rights reserved.

Command Line: libgen -hw ../Mango_802.11_RefDes_v1.7.1_hw_platform/system.xml
-lp
C:/Users/SOYO/Mango_802.11_RefDes_v1.7.1/EDK_Projects/Mango_802.11_RefDes_v1.7.1
-lp C:/WARP_Repository/edk_user_repository -pe mb_high -log libgen.log
system.mss 


Staging source files.
Running DRCs.
Running generate.
Generating Macros for wlan_mac_time_hw_axiw driver access ... 

Running post_generate.
Running include - 'make -s include "COMPILER=mb-gcc" "ARCHIVER=mb-ar"
"COMPILER_FLAGS=-mlittle-endian -mno-xl-soft-mul -mxl-barrel-shift
-mxl-pattern-compare -mcpu=v8.40.b  -O2 -c" "EXTRA_COMPILER_FLAGS=-g"'.

Running libs - 'make -s libs "COMPILER=mb-gcc" "ARCHIVER=mb-ar"
"COMPILER_FLAGS=-mlittle-endian -mno-xl-soft-mul -mxl-barrel-shift
-mxl-pattern-compare -mcpu=v8.40.b  -O2 -c" "EXTRA_COMPILER_FLAGS=-g"'.
"Compiling common"
"Compiling llfifo"
"Compiling standalone";
"Compiling axicdma"
"Compiling sysmon"
"Compiling v6_ddrx"
"Compiling axidma"
"Compiling axiethernet"
"Compiling bram"
"Compiling intc"
"Compiling gpio"
"Compiling tmrctr"
"Compiling uartlite"
"Compiling mbox"
"Compiling mutex"
"Compiling w3_iic_eeprom"
"Compiling w3_userio_axi"
"Compiling wlan_mac_time_hw_axiw"
"Compiling cpu"
Running execs_generate.
'Finished building libraries'
